<?xml version="1.0" encoding="UTF-8"?>
<!-- Generated by org.testng.reporters.JUnitReportReporter -->
<testsuite hostname="Mr-Sanket" failures="0" tests="1" name="com.DriverSetup.DriverSetup" time="25.893" errors="0" timestamp="2020-05-10T18:26:02 IST" skipped="0">
  <testcase classname="com.DriverSetup.DriverSetup" name="run" time="25.893"/>
  <system-out/>
</testsuite> <!-- com.DriverSetup.DriverSetup -->
