<?xml version="1.0" encoding="UTF-8"?>
<!-- Generated by org.testng.reporters.JUnitReportReporter -->
<testsuite hostname="Mr-Sanket" failures="0" tests="20" name="com.Testcases.AvailabilityCheck" time="41.017" errors="0" timestamp="2020-05-16T11:15:55 IST" skipped="0">
  <testcase classname="com.Testcases.AvailabilityCheck" name="TestCaseSixteen" time="0.947"/>
  <system-out/>
  <testcase classname="com.Testcases.AvailabilityCheck" name="TestCaseFifteen" time="0.037"/>
  <system-out/>
  <testcase classname="com.Testcases.AvailabilityCheck" name="TestCaseFour" time="4.559"/>
  <system-out/>
  <testcase classname="com.Testcases.AvailabilityCheck" name="TestCaseEight" time="4.036"/>
  <system-out/>
  <testcase classname="com.Testcases.AvailabilityCheck" name="TestCaseNine" time="4.671"/>
  <system-out/>
  <testcase classname="com.Testcases.AvailabilityCheck" name="TestCaseTweleve" time="0.043"/>
  <system-out/>
  <testcase classname="com.Testcases.AvailabilityCheck" name="TestCaseSeven" time="0.103"/>
  <system-out/>
  <testcase classname="com.Testcases.AvailabilityCheck" name="TestCaseTen" time="0.045"/>
  <system-out/>
  <testcase classname="com.Testcases.AvailabilityCheck" name="TestCaseThirteen" time="2.651"/>
  <system-out/>
  <testcase classname="com.Testcases.AvailabilityCheck" name="TestCaseNineteen" time="3.018"/>
  <system-out/>
  <testcase classname="com.Testcases.AvailabilityCheck" name="TestCaseSix" time="0.216"/>
  <system-out/>
  <testcase classname="com.Testcases.AvailabilityCheck" name="TestCaseEighteen" time="0.034"/>
  <system-out/>
  <testcase classname="com.Testcases.AvailabilityCheck" name="TestCaseTwenty" time="0.297"/>
  <system-out/>
  <testcase classname="com.Testcases.AvailabilityCheck" name="TestCaseSeventeen" time="2.874"/>
  <system-out/>
  <testcase classname="com.Testcases.AvailabilityCheck" name="TestCaseThree" time="0.107"/>
  <system-out/>
  <testcase classname="com.Testcases.AvailabilityCheck" name="TestCaseTwo" time="10.883"/>
  <system-out/>
  <testcase classname="com.Testcases.AvailabilityCheck" name="TestCaseFive" time="1.052"/>
  <system-out/>
  <testcase classname="com.Testcases.AvailabilityCheck" name="TestCaseEleven" time="3.184"/>
  <system-out/>
  <testcase classname="com.Testcases.AvailabilityCheck" name="TestCaseFourteen" time="0.985"/>
  <system-out/>
  <testcase classname="com.Testcases.AvailabilityCheck" name="TestCaseOne" time="1.275"/>
  <system-out/>
</testsuite> <!-- com.Testcases.AvailabilityCheck -->
